47689001
288628201
203853743
462681253
833265076
238394842
488612004
317775859
951561339
456457336
1172886143
795942340
284386120
896122342
261269684
98276004
96186475
1280028214
659414269
624366489
706024139
494015991
838440980
658643683
674473098
345445317
921578076
229438671
688146809
521002527
1197105669
888326231
179455733
849738220
392296296
528189585
530399279
872314110
148582210
471735004
686692877
886470713
540976208
102367327
832566842
892618331
861268444
174346944
643308133
766704680
2872320000
